<?xml version="1.0" encoding="UTF-8"?>
<testsuite name="dev.kidsync.server.IntegrationTest" tests="8" skipped="0" failures="0" errors="0" timestamp="2026-02-20T16:14:51" hostname="bigone" time="2.569">
  <properties/>
  <testcase name="wrapped key upload and retrieval()" classname="dev.kidsync.server.IntegrationTest" time="0.826"/>
  <testcase name="recovery blob upload and retrieval()" classname="dev.kidsync.server.IntegrationTest" time="0.229"/>
  <testcase name="device revocation flow()" classname="dev.kidsync.server.IntegrationTest" time="0.236"/>
  <testcase name="push token registration()" classname="dev.kidsync.server.IntegrationTest" time="0.218"/>
  <testcase name="unauthenticated requests are rejected()" classname="dev.kidsync.server.IntegrationTest" time="0.03"/>
  <testcase name="invite and join family flow()" classname="dev.kidsync.server.IntegrationTest" time="0.411"/>
  <testcase name="snapshot not found returns 404()" classname="dev.kidsync.server.IntegrationTest" time="0.388"/>
  <testcase name="full registration and family creation flow()" classname="dev.kidsync.server.IntegrationTest" time="0.229"/>
  <system-out><![CDATA[]]></system-out>
  <system-err><![CDATA[]]></system-err>
</testsuite>
