<?xml version="1.0" encoding="UTF-8"?>
<testsuite name="dev.kidsync.server.HashChainTest" tests="8" skipped="0" failures="0" errors="0" timestamp="2026-02-20T16:15:01" hostname="bigone" time="0.005">
  <properties/>
  <testcase name="hexToBytes converts correctly()" classname="dev.kidsync.server.HashChainTest" time="0.0"/>
  <testcase name="sha256Hex produces correct hex hash()" classname="dev.kidsync.server.HashChainTest" time="0.001"/>
  <testcase name="verifyHashChain fails for tampered payload()" classname="dev.kidsync.server.HashChainTest" time="0.001"/>
  <testcase name="computeCheckpointHash concatenates payloads()" classname="dev.kidsync.server.HashChainTest" time="0.0"/>
  <testcase name="verifyHashChain succeeds for valid chain()" classname="dev.kidsync.server.HashChainTest" time="0.001"/>
  <testcase name="sha256HexString produces correct hash()" classname="dev.kidsync.server.HashChainTest" time="0.0"/>
  <testcase name="hash chain links correctly across multiple ops()" classname="dev.kidsync.server.HashChainTest" time="0.001"/>
  <testcase name="sha256Hex with multiple parts()" classname="dev.kidsync.server.HashChainTest" time="0.001"/>
  <system-out><![CDATA[]]></system-out>
  <system-err><![CDATA[]]></system-err>
</testsuite>
